Warning message:
package ‘RestRserve’ was built under R version 4.4.1 
Warning message:
package ‘jsonlite’ was built under R version 4.4.1 
Loading required package: SingleCellExperiment
Loading required package: SummarizedExperiment
Loading required package: MatrixGenerics
Loading required package: matrixStats

Attaching package: ‘MatrixGenerics’

The following objects are masked from ‘package:matrixStats’:

    colAlls, colAnyNAs, colAnys, colAvgsPerRowSet, colCollapse,
    colCounts, colCummaxs, colCummins, colCumprods, colCumsums,
    colDiffs, colIQRDiffs, colIQRs, colLogSumExps, colMadDiffs,
    colMads, colMaxs, colMeans2, colMedians, colMins, colOrderStats,
    colProds, colQuantiles, colRanges, colRanks, colSdDiffs, colSds,
    colSums2, colTabulates, colVarDiffs, colVars, colWeightedMads,
    colWeightedMeans, colWeightedMedians, colWeightedSds,
    colWeightedVars, rowAlls, rowAnyNAs, rowAnys, rowAvgsPerColSet,
    rowCollapse, rowCounts, rowCummaxs, rowCummins, rowCumprods,
    rowCumsums, rowDiffs, rowIQRDiffs, rowIQRs, rowLogSumExps,
    rowMadDiffs, rowMads, rowMaxs, rowMeans2, rowMedians, rowMins,
    rowOrderStats, rowProds, rowQuantiles, rowRanges, rowRanks,
    rowSdDiffs, rowSds, rowSums2, rowTabulates, rowVarDiffs, rowVars,
    rowWeightedMads, rowWeightedMeans, rowWeightedMedians,
    rowWeightedSds, rowWeightedVars

Loading required package: GenomicRanges
Loading required package: stats4
Loading required package: BiocGenerics

Attaching package: ‘BiocGenerics’

The following objects are masked from ‘package:stats’:

    IQR, mad, sd, var, xtabs

The following objects are masked from ‘package:base’:

    anyDuplicated, aperm, append, as.data.frame, basename, cbind,
    colnames, dirname, do.call, duplicated, eval, evalq, Filter, Find,
    get, grep, grepl, intersect, is.unsorted, lapply, Map, mapply,
    match, mget, order, paste, pmax, pmax.int, pmin, pmin.int,
    Position, rank, rbind, Reduce, rownames, sapply, setdiff, table,
    tapply, union, unique, unsplit, which.max, which.min

Loading required package: S4Vectors

Attaching package: ‘S4Vectors’

The following object is masked from ‘package:utils’:

    findMatches

The following objects are masked from ‘package:base’:

    expand.grid, I, unname

Loading required package: IRanges
Loading required package: GenomeInfoDb
Loading required package: Biobase
Welcome to Bioconductor

    Vignettes contain introductory material; view with
    'browseVignettes()'. To cite Bioconductor, see
    'citation("Biobase")', and for packages 'citation("pkgname")'.


Attaching package: ‘Biobase’

The following object is masked from ‘package:MatrixGenerics’:

    rowMedians

The following objects are masked from ‘package:matrixStats’:

    anyMissing, rowMedians

Warning messages:
1: package ‘matrixStats’ was built under R version 4.4.1 
2: package ‘S4Vectors’ was built under R version 4.4.1 
3: package ‘IRanges’ was built under R version 4.4.1 
Starting SpotSeeker R API on port 8081...
R version: R version 4.4.0 (2024-04-24)
SpotSweeper version: 1.3.3
{"timestamp":"2025-07-08 14:10:26.502461","level":"INFO","name":"Application","pid":31410,"msg":"","context":{"http_port":8081,"endpoints":{"POST":["/api/calculate-qc-metrics","/api/run-qc-pipeline"],"HEAD":"/health","GET":"/health"}}}
-- running Rserve in this R session (pid=31410), 2 server(s) --
(This session will block until Rserve is shut down)
2025-07-08 14:10:42.87457 GET /health
2025-07-08 15:33:52.886396 GET /health
2025-07-08 15:33:52.926166 POST /api/calculate-qc-metrics
Using gene symbols from column 'gene_name' for mitochondrial detection
Auto-detected human mitochondrial genes (^MT-)
Found 9 mitochondrial genes using pattern '^MT-'
2025-07-08 15:33:54.804238 POST /api/run-qc-pipeline
Using gene symbols from column 'gene_name' for mitochondrial detection
Auto-detected human mitochondrial genes (^MT-)
Found 9 mitochondrial genes using pattern '^MT-'
[1] TRUE
